<?xml version="1.0" encoding="UTF-8"?>
<!-- Generated by org.testng.reporters.JUnitReportReporter -->
<testsuite skipped="0" hostname="ramya" name="org.camp.Data1" tests="2" failures="0" timestamp="25 May 2019 21:19:40 GMT" time="0.025" errors="0">
  <testcase name="test7" time="0.004" classname="org.camp.Data1"/>
  <testcase name="test6" time="0.021" classname="org.camp.Data1"/>
</testsuite> <!-- org.camp.Data1 -->
